11-24 10:10:44 com_github_MitjaNemec_Archive3DModels.action_archive_3d_models 220:Plugin executed on: 'win32'
11-24 10:10:44 com_github_MitjaNemec_Archive3DModels.action_archive_3d_models 221:Plugin executed with python version: '3.9.16 (main, Apr  9 2023, 05:22:13) [MSC v.1934 64 bit (AMD64)]'
11-24 10:10:44 com_github_MitjaNemec_Archive3DModels.action_archive_3d_models 222:KiCad build version: 7.0.2
11-24 10:10:44 com_github_MitjaNemec_Archive3DModels.action_archive_3d_models 223:Plugin version: 1.0.10

11-24 10:10:44 com_github_MitjaNemec_Archive3DModels.action_archive_3d_models 228:Screen sizes: [wx.Size(3840, 2160)]
11-24 10:10:44 com_github_MitjaNemec_Archive3DModels.action_archive_3d_models 235:Dialog size: wx.Size(213, 81)
11-24 10:10:44 com_github_MitjaNemec_Archive3DModels.action_archive_3d_models 237:Char size: 20
11-24 10:10:50 com_github_MitjaNemec_Archive3DModels.archive_3d_models 24:Starting to archive 3D models
11-24 10:10:50 com_github_MitjaNemec_Archive3DModels.archive_3d_models 45:Getting 3D models for footprint of: U102
11-24 10:10:50 com_github_MitjaNemec_Archive3DModels.archive_3d_models 56:Trying to copy: ${KICAD6_3DMODEL_DIR}/Package_SO.3dshapes/SOIC-8_3.9x4.9mm_P1.27mm.wrl
11-24 10:10:50 com_github_MitjaNemec_Archive3DModels.archive_3d_models 136:Remapping: ${KICAD6_3DMODEL_DIR}/Package_SO.3dshapes/SOIC-8_3.9x4.9mm_P1.27mm.wrl
11-24 10:10:50 com_github_MitjaNemec_Archive3DModels.archive_3d_models 45:Getting 3D models for footprint of: USBC101
11-24 10:10:50 com_github_MitjaNemec_Archive3DModels.archive_3d_models 56:Trying to copy: D:/jake/Documents/KiCad/easyeda2kicad/easyeda2kicad.3dshapes/105450-0101.stp
11-24 10:10:50 com_github_MitjaNemec_Archive3DModels.archive_3d_models 136:Remapping: D:/jake/Documents/KiCad/easyeda2kicad/easyeda2kicad.3dshapes/105450-0101.stp
11-24 10:10:50 com_github_MitjaNemec_Archive3DModels.archive_3d_models 45:Getting 3D models for footprint of: R113
11-24 10:10:50 com_github_MitjaNemec_Archive3DModels.archive_3d_models 56:Trying to copy: ${KICAD6_3DMODEL_DIR}/Resistor_SMD.3dshapes/R_0805_2012Metric.wrl
11-24 10:10:50 com_github_MitjaNemec_Archive3DModels.archive_3d_models 136:Remapping: ${KICAD6_3DMODEL_DIR}/Resistor_SMD.3dshapes/R_0805_2012Metric.wrl
11-24 10:10:50 com_github_MitjaNemec_Archive3DModels.archive_3d_models 45:Getting 3D models for footprint of: C102
11-24 10:10:50 com_github_MitjaNemec_Archive3DModels.archive_3d_models 56:Trying to copy: ${KICAD6_3DMODEL_DIR}/Capacitor_SMD.3dshapes/C_0805_2012Metric.wrl
11-24 10:10:50 com_github_MitjaNemec_Archive3DModels.archive_3d_models 136:Remapping: ${KICAD6_3DMODEL_DIR}/Capacitor_SMD.3dshapes/C_0805_2012Metric.wrl
11-24 10:10:50 com_github_MitjaNemec_Archive3DModels.archive_3d_models 45:Getting 3D models for footprint of: C601
11-24 10:10:50 com_github_MitjaNemec_Archive3DModels.archive_3d_models 56:Trying to copy: ${KICAD6_3DMODEL_DIR}/Capacitor_SMD.3dshapes/C_1206_3216Metric.wrl
11-24 10:10:50 com_github_MitjaNemec_Archive3DModels.archive_3d_models 136:Remapping: ${KICAD6_3DMODEL_DIR}/Capacitor_SMD.3dshapes/C_1206_3216Metric.wrl
11-24 10:10:50 com_github_MitjaNemec_Archive3DModels.archive_3d_models 45:Getting 3D models for footprint of: R401
11-24 10:10:50 com_github_MitjaNemec_Archive3DModels.archive_3d_models 56:Trying to copy: ${KICAD6_3DMODEL_DIR}/Resistor_SMD.3dshapes/R_0805_2012Metric.wrl
11-24 10:10:50 com_github_MitjaNemec_Archive3DModels.archive_3d_models 136:Remapping: ${KICAD6_3DMODEL_DIR}/Resistor_SMD.3dshapes/R_0805_2012Metric.wrl
11-24 10:10:50 com_github_MitjaNemec_Archive3DModels.archive_3d_models 45:Getting 3D models for footprint of: R107
11-24 10:10:50 com_github_MitjaNemec_Archive3DModels.archive_3d_models 56:Trying to copy: ${KICAD6_3DMODEL_DIR}/Resistor_SMD.3dshapes/R_0805_2012Metric.wrl
11-24 10:10:50 com_github_MitjaNemec_Archive3DModels.archive_3d_models 136:Remapping: ${KICAD6_3DMODEL_DIR}/Resistor_SMD.3dshapes/R_0805_2012Metric.wrl
11-24 10:10:50 com_github_MitjaNemec_Archive3DModels.archive_3d_models 45:Getting 3D models for footprint of: TP103
11-24 10:10:50 com_github_MitjaNemec_Archive3DModels.archive_3d_models 45:Getting 3D models for footprint of: R402
11-24 10:10:50 com_github_MitjaNemec_Archive3DModels.archive_3d_models 56:Trying to copy: ${KICAD6_3DMODEL_DIR}/Resistor_SMD.3dshapes/R_0805_2012Metric.wrl
11-24 10:10:50 com_github_MitjaNemec_Archive3DModels.archive_3d_models 136:Remapping: ${KICAD6_3DMODEL_DIR}/Resistor_SMD.3dshapes/R_0805_2012Metric.wrl
11-24 10:10:50 com_github_MitjaNemec_Archive3DModels.archive_3d_models 45:Getting 3D models for footprint of: R110
11-24 10:10:50 com_github_MitjaNemec_Archive3DModels.archive_3d_models 56:Trying to copy: ${KICAD6_3DMODEL_DIR}/Resistor_SMD.3dshapes/R_0402_1005Metric.wrl
11-24 10:10:50 com_github_MitjaNemec_Archive3DModels.archive_3d_models 136:Remapping: ${KICAD6_3DMODEL_DIR}/Resistor_SMD.3dshapes/R_0402_1005Metric.wrl
11-24 10:10:50 com_github_MitjaNemec_Archive3DModels.archive_3d_models 45:Getting 3D models for footprint of: C103
11-24 10:10:50 com_github_MitjaNemec_Archive3DModels.archive_3d_models 56:Trying to copy: ${KICAD6_3DMODEL_DIR}/Capacitor_SMD.3dshapes/C_1206_3216Metric.wrl
11-24 10:10:50 com_github_MitjaNemec_Archive3DModels.archive_3d_models 136:Remapping: ${KICAD6_3DMODEL_DIR}/Capacitor_SMD.3dshapes/C_1206_3216Metric.wrl
11-24 10:10:50 com_github_MitjaNemec_Archive3DModels.archive_3d_models 45:Getting 3D models for footprint of: R120
11-24 10:10:50 com_github_MitjaNemec_Archive3DModels.archive_3d_models 56:Trying to copy: ${KICAD6_3DMODEL_DIR}/Resistor_SMD.3dshapes/R_0805_2012Metric.wrl
11-24 10:10:50 com_github_MitjaNemec_Archive3DModels.archive_3d_models 136:Remapping: ${KICAD6_3DMODEL_DIR}/Resistor_SMD.3dshapes/R_0805_2012Metric.wrl
11-24 10:10:50 com_github_MitjaNemec_Archive3DModels.archive_3d_models 45:Getting 3D models for footprint of: R104
11-24 10:10:50 com_github_MitjaNemec_Archive3DModels.archive_3d_models 56:Trying to copy: ${KICAD6_3DMODEL_DIR}/Resistor_SMD.3dshapes/R_0402_1005Metric.wrl
11-24 10:10:50 com_github_MitjaNemec_Archive3DModels.archive_3d_models 136:Remapping: ${KICAD6_3DMODEL_DIR}/Resistor_SMD.3dshapes/R_0402_1005Metric.wrl
11-24 10:10:50 com_github_MitjaNemec_Archive3DModels.archive_3d_models 45:Getting 3D models for footprint of: D107
11-24 10:10:50 com_github_MitjaNemec_Archive3DModels.archive_3d_models 56:Trying to copy: ${KICAD6_3DMODEL_DIR}/Diode_SMD.3dshapes/D_SMA.wrl
11-24 10:10:50 com_github_MitjaNemec_Archive3DModels.archive_3d_models 136:Remapping: ${KICAD6_3DMODEL_DIR}/Diode_SMD.3dshapes/D_SMA.wrl
11-24 10:10:50 com_github_MitjaNemec_Archive3DModels.archive_3d_models 45:Getting 3D models for footprint of: C116
11-24 10:10:50 com_github_MitjaNemec_Archive3DModels.archive_3d_models 56:Trying to copy: ${KICAD6_3DMODEL_DIR}/Capacitor_SMD.3dshapes/C_1206_3216Metric.wrl
11-24 10:10:50 com_github_MitjaNemec_Archive3DModels.archive_3d_models 136:Remapping: ${KICAD6_3DMODEL_DIR}/Capacitor_SMD.3dshapes/C_1206_3216Metric.wrl
11-24 10:10:50 com_github_MitjaNemec_Archive3DModels.archive_3d_models 45:Getting 3D models for footprint of: C113
11-24 10:10:50 com_github_MitjaNemec_Archive3DModels.archive_3d_models 56:Trying to copy: ${KICAD6_3DMODEL_DIR}/Capacitor_SMD.3dshapes/C_0805_2012Metric.wrl
11-24 10:10:50 com_github_MitjaNemec_Archive3DModels.archive_3d_models 136:Remapping: ${KICAD6_3DMODEL_DIR}/Capacitor_SMD.3dshapes/C_0805_2012Metric.wrl
11-24 10:10:50 com_github_MitjaNemec_Archive3DModels.archive_3d_models 45:Getting 3D models for footprint of: U103
11-24 10:10:50 com_github_MitjaNemec_Archive3DModels.archive_3d_models 56:Trying to copy: ${KICAD6_3DMODEL_DIR}/Package_TO_SOT_SMD.3dshapes/TO-263-5_TabPin3.wrl
11-24 10:10:50 com_github_MitjaNemec_Archive3DModels.archive_3d_models 136:Remapping: ${KICAD6_3DMODEL_DIR}/Package_TO_SOT_SMD.3dshapes/TO-263-5_TabPin3.wrl
11-24 10:10:50 com_github_MitjaNemec_Archive3DModels.archive_3d_models 45:Getting 3D models for footprint of: R111
11-24 10:10:50 com_github_MitjaNemec_Archive3DModels.archive_3d_models 56:Trying to copy: ${KICAD6_3DMODEL_DIR}/Resistor_SMD.3dshapes/R_0402_1005Metric.wrl
11-24 10:10:50 com_github_MitjaNemec_Archive3DModels.archive_3d_models 136:Remapping: ${KICAD6_3DMODEL_DIR}/Resistor_SMD.3dshapes/R_0402_1005Metric.wrl
11-24 10:10:50 com_github_MitjaNemec_Archive3DModels.archive_3d_models 45:Getting 3D models for footprint of: J101
11-24 10:10:50 com_github_MitjaNemec_Archive3DModels.archive_3d_models 45:Getting 3D models for footprint of: D104
11-24 10:10:50 com_github_MitjaNemec_Archive3DModels.archive_3d_models 56:Trying to copy: ${KICAD6_3DMODEL_DIR}/Package_TO_SOT_SMD.3dshapes/SOT-363_SC-70-6.wrl
11-24 10:10:50 com_github_MitjaNemec_Archive3DModels.archive_3d_models 136:Remapping: ${KICAD6_3DMODEL_DIR}/Package_TO_SOT_SMD.3dshapes/SOT-363_SC-70-6.wrl
11-24 10:10:50 com_github_MitjaNemec_Archive3DModels.archive_3d_models 45:Getting 3D models for footprint of: R118
11-24 10:10:50 com_github_MitjaNemec_Archive3DModels.archive_3d_models 56:Trying to copy: ${KICAD6_3DMODEL_DIR}/Resistor_SMD.3dshapes/R_0805_2012Metric.wrl
11-24 10:10:50 com_github_MitjaNemec_Archive3DModels.archive_3d_models 136:Remapping: ${KICAD6_3DMODEL_DIR}/Resistor_SMD.3dshapes/R_0805_2012Metric.wrl
11-24 10:10:50 com_github_MitjaNemec_Archive3DModels.archive_3d_models 45:Getting 3D models for footprint of: C105
11-24 10:10:50 com_github_MitjaNemec_Archive3DModels.archive_3d_models 56:Trying to copy: ${KICAD6_3DMODEL_DIR}/Capacitor_SMD.3dshapes/C_0805_2012Metric.wrl
11-24 10:10:50 com_github_MitjaNemec_Archive3DModels.archive_3d_models 136:Remapping: ${KICAD6_3DMODEL_DIR}/Capacitor_SMD.3dshapes/C_0805_2012Metric.wrl
11-24 10:10:50 com_github_MitjaNemec_Archive3DModels.archive_3d_models 45:Getting 3D models for footprint of: D103
11-24 10:10:50 com_github_MitjaNemec_Archive3DModels.archive_3d_models 56:Trying to copy: ${KICAD6_3DMODEL_DIR}/Diode_SMD.3dshapes/D_MiniMELF.wrl
11-24 10:10:50 com_github_MitjaNemec_Archive3DModels.archive_3d_models 136:Remapping: ${KICAD6_3DMODEL_DIR}/Diode_SMD.3dshapes/D_MiniMELF.wrl
11-24 10:10:50 com_github_MitjaNemec_Archive3DModels.archive_3d_models 45:Getting 3D models for footprint of: R106
11-24 10:10:50 com_github_MitjaNemec_Archive3DModels.archive_3d_models 56:Trying to copy: ${KICAD6_3DMODEL_DIR}/Resistor_SMD.3dshapes/R_0402_1005Metric.wrl
11-24 10:10:50 com_github_MitjaNemec_Archive3DModels.archive_3d_models 136:Remapping: ${KICAD6_3DMODEL_DIR}/Resistor_SMD.3dshapes/R_0402_1005Metric.wrl
11-24 10:10:50 com_github_MitjaNemec_Archive3DModels.archive_3d_models 45:Getting 3D models for footprint of: C404
11-24 10:10:50 com_github_MitjaNemec_Archive3DModels.archive_3d_models 56:Trying to copy: ${KICAD6_3DMODEL_DIR}/Capacitor_SMD.3dshapes/C_0805_2012Metric.wrl
11-24 10:10:50 com_github_MitjaNemec_Archive3DModels.archive_3d_models 136:Remapping: ${KICAD6_3DMODEL_DIR}/Capacitor_SMD.3dshapes/C_0805_2012Metric.wrl
11-24 10:10:50 com_github_MitjaNemec_Archive3DModels.archive_3d_models 45:Getting 3D models for footprint of: R101
11-24 10:10:50 com_github_MitjaNemec_Archive3DModels.archive_3d_models 56:Trying to copy: ${KICAD6_3DMODEL_DIR}/Resistor_SMD.3dshapes/R_0402_1005Metric.wrl
11-24 10:10:50 com_github_MitjaNemec_Archive3DModels.archive_3d_models 136:Remapping: ${KICAD6_3DMODEL_DIR}/Resistor_SMD.3dshapes/R_0402_1005Metric.wrl
11-24 10:10:50 com_github_MitjaNemec_Archive3DModels.archive_3d_models 45:Getting 3D models for footprint of: TP104
11-24 10:10:50 com_github_MitjaNemec_Archive3DModels.archive_3d_models 45:Getting 3D models for footprint of: C111
11-24 10:10:50 com_github_MitjaNemec_Archive3DModels.archive_3d_models 56:Trying to copy: D:/jake/Documents/KiCad/VF_Lib.pretty/Panasonic_Cap__ZA_G_VibrationProof.stp
11-24 10:10:51 com_github_MitjaNemec_Archive3DModels.archive_3d_models 136:Remapping: D:/jake/Documents/KiCad/VF_Lib.pretty/Panasonic_Cap__ZA_G_VibrationProof.stp
11-24 10:10:51 com_github_MitjaNemec_Archive3DModels.archive_3d_models 45:Getting 3D models for footprint of: C114
11-24 10:10:51 com_github_MitjaNemec_Archive3DModels.archive_3d_models 56:Trying to copy: ${KICAD6_3DMODEL_DIR}/Capacitor_SMD.3dshapes/C_1206_3216Metric.wrl
11-24 10:10:51 com_github_MitjaNemec_Archive3DModels.archive_3d_models 136:Remapping: ${KICAD6_3DMODEL_DIR}/Capacitor_SMD.3dshapes/C_1206_3216Metric.wrl
11-24 10:10:51 com_github_MitjaNemec_Archive3DModels.archive_3d_models 45:Getting 3D models for footprint of: D106
11-24 10:10:51 com_github_MitjaNemec_Archive3DModels.archive_3d_models 56:Trying to copy: ${KICAD6_3DMODEL_DIR}/Diode_SMD.3dshapes/D_SMA.wrl
11-24 10:10:51 com_github_MitjaNemec_Archive3DModels.archive_3d_models 136:Remapping: ${KICAD6_3DMODEL_DIR}/Diode_SMD.3dshapes/D_SMA.wrl
11-24 10:10:51 com_github_MitjaNemec_Archive3DModels.archive_3d_models 45:Getting 3D models for footprint of: TP105
11-24 10:10:51 com_github_MitjaNemec_Archive3DModels.archive_3d_models 45:Getting 3D models for footprint of: FB401
11-24 10:10:51 com_github_MitjaNemec_Archive3DModels.archive_3d_models 56:Trying to copy: ${KICAD6_3DMODEL_DIR}/Resistor_SMD.3dshapes/R_0805_2012Metric.wrl
11-24 10:10:51 com_github_MitjaNemec_Archive3DModels.archive_3d_models 136:Remapping: ${KICAD6_3DMODEL_DIR}/Resistor_SMD.3dshapes/R_0805_2012Metric.wrl
11-24 10:10:51 com_github_MitjaNemec_Archive3DModels.archive_3d_models 45:Getting 3D models for footprint of: D102
11-24 10:10:51 com_github_MitjaNemec_Archive3DModels.archive_3d_models 56:Trying to copy: ${KICAD6_3DMODEL_DIR}/Diode_SMD.3dshapes/D_MiniMELF.wrl
11-24 10:10:51 com_github_MitjaNemec_Archive3DModels.archive_3d_models 136:Remapping: ${KICAD6_3DMODEL_DIR}/Diode_SMD.3dshapes/D_MiniMELF.wrl
11-24 10:10:51 com_github_MitjaNemec_Archive3DModels.archive_3d_models 45:Getting 3D models for footprint of: R108
11-24 10:10:51 com_github_MitjaNemec_Archive3DModels.archive_3d_models 56:Trying to copy: ${KICAD6_3DMODEL_DIR}/Resistor_SMD.3dshapes/R_0402_1005Metric.wrl
11-24 10:10:51 com_github_MitjaNemec_Archive3DModels.archive_3d_models 136:Remapping: ${KICAD6_3DMODEL_DIR}/Resistor_SMD.3dshapes/R_0402_1005Metric.wrl
11-24 10:10:51 com_github_MitjaNemec_Archive3DModels.archive_3d_models 45:Getting 3D models for footprint of: C101
11-24 10:10:51 com_github_MitjaNemec_Archive3DModels.archive_3d_models 56:Trying to copy: ${KICAD6_3DMODEL_DIR}/Capacitor_SMD.3dshapes/C_0805_2012Metric.wrl
11-24 10:10:51 com_github_MitjaNemec_Archive3DModels.archive_3d_models 136:Remapping: ${KICAD6_3DMODEL_DIR}/Capacitor_SMD.3dshapes/C_0805_2012Metric.wrl
11-24 10:10:51 com_github_MitjaNemec_Archive3DModels.archive_3d_models 45:Getting 3D models for footprint of: C110
11-24 10:10:51 com_github_MitjaNemec_Archive3DModels.archive_3d_models 56:Trying to copy: ${KICAD6_3DMODEL_DIR}/Capacitor_SMD.3dshapes/C_1206_3216Metric.wrl
11-24 10:10:51 com_github_MitjaNemec_Archive3DModels.archive_3d_models 136:Remapping: ${KICAD6_3DMODEL_DIR}/Capacitor_SMD.3dshapes/C_1206_3216Metric.wrl
11-24 10:10:51 com_github_MitjaNemec_Archive3DModels.archive_3d_models 45:Getting 3D models for footprint of: D109
11-24 10:10:51 com_github_MitjaNemec_Archive3DModels.archive_3d_models 56:Trying to copy: ${KICAD6_3DMODEL_DIR}/LED_SMD.3dshapes/LED_0603_1608Metric.wrl
11-24 10:10:51 com_github_MitjaNemec_Archive3DModels.archive_3d_models 136:Remapping: ${KICAD6_3DMODEL_DIR}/LED_SMD.3dshapes/LED_0603_1608Metric.wrl
11-24 10:10:51 com_github_MitjaNemec_Archive3DModels.archive_3d_models 45:Getting 3D models for footprint of: TP106
11-24 10:10:51 com_github_MitjaNemec_Archive3DModels.archive_3d_models 45:Getting 3D models for footprint of: TP102
11-24 10:10:51 com_github_MitjaNemec_Archive3DModels.archive_3d_models 45:Getting 3D models for footprint of: FB101
11-24 10:10:51 com_github_MitjaNemec_Archive3DModels.archive_3d_models 56:Trying to copy: ${KICAD6_3DMODEL_DIR}/Resistor_SMD.3dshapes/R_0805_2012Metric.wrl
11-24 10:10:51 com_github_MitjaNemec_Archive3DModels.archive_3d_models 136:Remapping: ${KICAD6_3DMODEL_DIR}/Resistor_SMD.3dshapes/R_0805_2012Metric.wrl
11-24 10:10:51 com_github_MitjaNemec_Archive3DModels.archive_3d_models 45:Getting 3D models for footprint of: R105
11-24 10:10:51 com_github_MitjaNemec_Archive3DModels.archive_3d_models 56:Trying to copy: ${KICAD6_3DMODEL_DIR}/Resistor_SMD.3dshapes/R_0805_2012Metric.wrl
11-24 10:10:51 com_github_MitjaNemec_Archive3DModels.archive_3d_models 136:Remapping: ${KICAD6_3DMODEL_DIR}/Resistor_SMD.3dshapes/R_0805_2012Metric.wrl
11-24 10:10:51 com_github_MitjaNemec_Archive3DModels.archive_3d_models 45:Getting 3D models for footprint of: TP110
11-24 10:10:51 com_github_MitjaNemec_Archive3DModels.archive_3d_models 45:Getting 3D models for footprint of: C109
11-24 10:10:51 com_github_MitjaNemec_Archive3DModels.archive_3d_models 56:Trying to copy: ${KICAD6_3DMODEL_DIR}/Capacitor_SMD.3dshapes/C_1206_3216Metric.wrl
11-24 10:10:51 com_github_MitjaNemec_Archive3DModels.archive_3d_models 136:Remapping: ${KICAD6_3DMODEL_DIR}/Capacitor_SMD.3dshapes/C_1206_3216Metric.wrl
11-24 10:10:51 com_github_MitjaNemec_Archive3DModels.archive_3d_models 45:Getting 3D models for footprint of: R119
11-24 10:10:51 com_github_MitjaNemec_Archive3DModels.archive_3d_models 56:Trying to copy: ${KICAD6_3DMODEL_DIR}/Resistor_SMD.3dshapes/R_0805_2012Metric.wrl
11-24 10:10:51 com_github_MitjaNemec_Archive3DModels.archive_3d_models 136:Remapping: ${KICAD6_3DMODEL_DIR}/Resistor_SMD.3dshapes/R_0805_2012Metric.wrl
11-24 10:10:51 com_github_MitjaNemec_Archive3DModels.archive_3d_models 45:Getting 3D models for footprint of: C115
11-24 10:10:51 com_github_MitjaNemec_Archive3DModels.archive_3d_models 56:Trying to copy: ${KICAD6_3DMODEL_DIR}/Capacitor_SMD.3dshapes/C_1206_3216Metric.wrl
11-24 10:10:51 com_github_MitjaNemec_Archive3DModels.archive_3d_models 136:Remapping: ${KICAD6_3DMODEL_DIR}/Capacitor_SMD.3dshapes/C_1206_3216Metric.wrl
11-24 10:10:51 com_github_MitjaNemec_Archive3DModels.archive_3d_models 45:Getting 3D models for footprint of: J102
11-24 10:10:51 com_github_MitjaNemec_Archive3DModels.archive_3d_models 56:Trying to copy: ${KICAD6_3DMODEL_DIR}/Connector_PinHeader_2.54mm.3dshapes/PinHeader_2x03_P2.54mm_Vertical.wrl
11-24 10:10:51 com_github_MitjaNemec_Archive3DModels.archive_3d_models 136:Remapping: ${KICAD6_3DMODEL_DIR}/Connector_PinHeader_2.54mm.3dshapes/PinHeader_2x03_P2.54mm_Vertical.wrl
11-24 10:10:51 com_github_MitjaNemec_Archive3DModels.archive_3d_models 45:Getting 3D models for footprint of: D110
11-24 10:10:51 com_github_MitjaNemec_Archive3DModels.archive_3d_models 56:Trying to copy: ${KICAD6_3DMODEL_DIR}/LED_SMD.3dshapes/LED_0603_1608Metric.wrl
11-24 10:10:51 com_github_MitjaNemec_Archive3DModels.archive_3d_models 136:Remapping: ${KICAD6_3DMODEL_DIR}/LED_SMD.3dshapes/LED_0603_1608Metric.wrl
11-24 10:10:51 com_github_MitjaNemec_Archive3DModels.archive_3d_models 45:Getting 3D models for footprint of: C104
11-24 10:10:51 com_github_MitjaNemec_Archive3DModels.archive_3d_models 56:Trying to copy: ${KICAD6_3DMODEL_DIR}/Capacitor_SMD.3dshapes/C_0805_2012Metric.wrl
11-24 10:10:51 com_github_MitjaNemec_Archive3DModels.archive_3d_models 136:Remapping: ${KICAD6_3DMODEL_DIR}/Capacitor_SMD.3dshapes/C_0805_2012Metric.wrl
11-24 10:10:51 com_github_MitjaNemec_Archive3DModels.archive_3d_models 45:Getting 3D models for footprint of: C120
11-24 10:10:51 com_github_MitjaNemec_Archive3DModels.archive_3d_models 56:Trying to copy: ${KICAD6_3DMODEL_DIR}/Capacitor_SMD.3dshapes/C_0805_2012Metric.wrl
11-24 10:10:51 com_github_MitjaNemec_Archive3DModels.archive_3d_models 136:Remapping: ${KICAD6_3DMODEL_DIR}/Capacitor_SMD.3dshapes/C_0805_2012Metric.wrl
11-24 10:10:51 com_github_MitjaNemec_Archive3DModels.archive_3d_models 45:Getting 3D models for footprint of: C117
11-24 10:10:51 com_github_MitjaNemec_Archive3DModels.archive_3d_models 56:Trying to copy: ${KICAD6_3DMODEL_DIR}/Capacitor_SMD.3dshapes/C_1206_3216Metric.wrl
11-24 10:10:51 com_github_MitjaNemec_Archive3DModels.archive_3d_models 136:Remapping: ${KICAD6_3DMODEL_DIR}/Capacitor_SMD.3dshapes/C_1206_3216Metric.wrl
11-24 10:10:51 com_github_MitjaNemec_Archive3DModels.archive_3d_models 45:Getting 3D models for footprint of: R116
11-24 10:10:51 com_github_MitjaNemec_Archive3DModels.archive_3d_models 56:Trying to copy: ${KICAD6_3DMODEL_DIR}/Resistor_SMD.3dshapes/R_0805_2012Metric.wrl
11-24 10:10:51 com_github_MitjaNemec_Archive3DModels.archive_3d_models 136:Remapping: ${KICAD6_3DMODEL_DIR}/Resistor_SMD.3dshapes/R_0805_2012Metric.wrl
11-24 10:10:51 com_github_MitjaNemec_Archive3DModels.archive_3d_models 45:Getting 3D models for footprint of: J103
11-24 10:10:51 com_github_MitjaNemec_Archive3DModels.archive_3d_models 56:Trying to copy: D:/jake/Documents/samacsys/5555162-1.stp
11-24 10:10:51 com_github_MitjaNemec_Archive3DModels.archive_3d_models 136:Remapping: D:/jake/Documents/samacsys/5555162-1.stp
11-24 10:10:51 com_github_MitjaNemec_Archive3DModels.archive_3d_models 56:Trying to copy: ${KIPRJMOD}/packages3D/5555162-1.stp
11-24 10:10:51 com_github_MitjaNemec_Archive3DModels.archive_3d_models 136:Remapping: ${KIPRJMOD}/packages3D/5555162-1.stp
11-24 10:10:51 com_github_MitjaNemec_Archive3DModels.archive_3d_models 45:Getting 3D models for footprint of: TP109
11-24 10:10:51 com_github_MitjaNemec_Archive3DModels.archive_3d_models 45:Getting 3D models for footprint of: D111
11-24 10:10:51 com_github_MitjaNemec_Archive3DModels.archive_3d_models 56:Trying to copy: ${KICAD6_3DMODEL_DIR}/LED_SMD.3dshapes/LED_0603_1608Metric.wrl
11-24 10:10:51 com_github_MitjaNemec_Archive3DModels.archive_3d_models 136:Remapping: ${KICAD6_3DMODEL_DIR}/LED_SMD.3dshapes/LED_0603_1608Metric.wrl
11-24 10:10:51 com_github_MitjaNemec_Archive3DModels.archive_3d_models 45:Getting 3D models for footprint of: C118
11-24 10:10:51 com_github_MitjaNemec_Archive3DModels.archive_3d_models 56:Trying to copy: ${KICAD6_3DMODEL_DIR}/Capacitor_SMD.3dshapes/C_0805_2012Metric.wrl
11-24 10:10:51 com_github_MitjaNemec_Archive3DModels.archive_3d_models 136:Remapping: ${KICAD6_3DMODEL_DIR}/Capacitor_SMD.3dshapes/C_0805_2012Metric.wrl
11-24 10:10:51 com_github_MitjaNemec_Archive3DModels.archive_3d_models 45:Getting 3D models for footprint of: U106
11-24 10:10:51 com_github_MitjaNemec_Archive3DModels.archive_3d_models 56:Trying to copy: D:/jake/Documents/KiCad/easyeda2kicad/easyeda2kicad.3dshapes/SW-SMD_L6.1-W3.5-LS8.0.wrl
11-24 10:10:51 com_github_MitjaNemec_Archive3DModels.archive_3d_models 136:Remapping: D:/jake/Documents/KiCad/easyeda2kicad/easyeda2kicad.3dshapes/SW-SMD_L6.1-W3.5-LS8.0.wrl
11-24 10:10:51 com_github_MitjaNemec_Archive3DModels.archive_3d_models 45:Getting 3D models for footprint of: D101
11-24 10:10:51 com_github_MitjaNemec_Archive3DModels.archive_3d_models 56:Trying to copy: ${KICAD6_3DMODEL_DIR}/Diode_SMD.3dshapes/D_SOD-323.wrl
11-24 10:10:51 com_github_MitjaNemec_Archive3DModels.archive_3d_models 136:Remapping: ${KICAD6_3DMODEL_DIR}/Diode_SMD.3dshapes/D_SOD-323.wrl
11-24 10:10:51 com_github_MitjaNemec_Archive3DModels.archive_3d_models 45:Getting 3D models for footprint of: C405
11-24 10:10:51 com_github_MitjaNemec_Archive3DModels.archive_3d_models 56:Trying to copy: ${KICAD6_3DMODEL_DIR}/Capacitor_SMD.3dshapes/C_1206_3216Metric.wrl
11-24 10:10:51 com_github_MitjaNemec_Archive3DModels.archive_3d_models 136:Remapping: ${KICAD6_3DMODEL_DIR}/Capacitor_SMD.3dshapes/C_1206_3216Metric.wrl
11-24 10:10:51 com_github_MitjaNemec_Archive3DModels.archive_3d_models 45:Getting 3D models for footprint of: F101
11-24 10:10:51 com_github_MitjaNemec_Archive3DModels.archive_3d_models 56:Trying to copy: ${KICAD6_3DMODEL_DIR}/Fuse.3dshapes/Fuse_1206_3216Metric.wrl
11-24 10:10:51 com_github_MitjaNemec_Archive3DModels.archive_3d_models 136:Remapping: ${KICAD6_3DMODEL_DIR}/Fuse.3dshapes/Fuse_1206_3216Metric.wrl
11-24 10:10:51 com_github_MitjaNemec_Archive3DModels.archive_3d_models 45:Getting 3D models for footprint of: R112
11-24 10:10:51 com_github_MitjaNemec_Archive3DModels.archive_3d_models 56:Trying to copy: ${KICAD6_3DMODEL_DIR}/Resistor_SMD.3dshapes/R_0805_2012Metric.wrl
11-24 10:10:51 com_github_MitjaNemec_Archive3DModels.archive_3d_models 136:Remapping: ${KICAD6_3DMODEL_DIR}/Resistor_SMD.3dshapes/R_0805_2012Metric.wrl
11-24 10:10:51 com_github_MitjaNemec_Archive3DModels.archive_3d_models 45:Getting 3D models for footprint of: D108
11-24 10:10:51 com_github_MitjaNemec_Archive3DModels.archive_3d_models 56:Trying to copy: ${KICAD6_3DMODEL_DIR}/Package_TO_SOT_SMD.3dshapes/TO-269AA.wrl
11-24 10:10:51 com_github_MitjaNemec_Archive3DModels.archive_3d_models 136:Remapping: ${KICAD6_3DMODEL_DIR}/Package_TO_SOT_SMD.3dshapes/TO-269AA.wrl
11-24 10:10:51 com_github_MitjaNemec_Archive3DModels.archive_3d_models 45:Getting 3D models for footprint of: U401
11-24 10:10:51 com_github_MitjaNemec_Archive3DModels.archive_3d_models 56:Trying to copy: ${KICAD6_3DMODEL_DIR}/Package_SO.3dshapes/TSSOP-10_3x3mm_P0.5mm.wrl
11-24 10:10:51 com_github_MitjaNemec_Archive3DModels.archive_3d_models 136:Remapping: ${KICAD6_3DMODEL_DIR}/Package_SO.3dshapes/TSSOP-10_3x3mm_P0.5mm.wrl
11-24 10:10:51 com_github_MitjaNemec_Archive3DModels.archive_3d_models 45:Getting 3D models for footprint of: L101
11-24 10:10:51 com_github_MitjaNemec_Archive3DModels.archive_3d_models 56:Trying to copy: D:/jake/Documents/KiCad/VF_Lib.pretty/L_MDA_1040.step
11-24 10:10:51 com_github_MitjaNemec_Archive3DModels.archive_3d_models 136:Remapping: D:/jake/Documents/KiCad/VF_Lib.pretty/L_MDA_1040.step
11-24 10:10:51 com_github_MitjaNemec_Archive3DModels.archive_3d_models 45:Getting 3D models for footprint of: R117
11-24 10:10:51 com_github_MitjaNemec_Archive3DModels.archive_3d_models 56:Trying to copy: ${KICAD6_3DMODEL_DIR}/Resistor_SMD.3dshapes/R_0805_2012Metric.wrl
11-24 10:10:51 com_github_MitjaNemec_Archive3DModels.archive_3d_models 136:Remapping: ${KICAD6_3DMODEL_DIR}/Resistor_SMD.3dshapes/R_0805_2012Metric.wrl
11-24 10:10:51 com_github_MitjaNemec_Archive3DModels.archive_3d_models 45:Getting 3D models for footprint of: C112
11-24 10:10:51 com_github_MitjaNemec_Archive3DModels.archive_3d_models 56:Trying to copy: ${KICAD6_3DMODEL_DIR}/Capacitor_SMD.3dshapes/C_0805_2012Metric.wrl
11-24 10:10:51 com_github_MitjaNemec_Archive3DModels.archive_3d_models 136:Remapping: ${KICAD6_3DMODEL_DIR}/Capacitor_SMD.3dshapes/C_0805_2012Metric.wrl
11-24 10:10:51 com_github_MitjaNemec_Archive3DModels.archive_3d_models 45:Getting 3D models for footprint of: U104
11-24 10:10:51 com_github_MitjaNemec_Archive3DModels.archive_3d_models 56:Trying to copy: D:/jake/Documents/KiCad/easyeda2kicad/easyeda2kicad.3dshapes/ESP32-S3-WROOM.step
11-24 10:10:51 com_github_MitjaNemec_Archive3DModels.archive_3d_models 136:Remapping: D:/jake/Documents/KiCad/easyeda2kicad/easyeda2kicad.3dshapes/ESP32-S3-WROOM.step
11-24 10:10:51 com_github_MitjaNemec_Archive3DModels.archive_3d_models 45:Getting 3D models for footprint of: TP108
11-24 10:10:51 com_github_MitjaNemec_Archive3DModels.archive_3d_models 45:Getting 3D models for footprint of: TP101
11-24 10:10:51 com_github_MitjaNemec_Archive3DModels.archive_3d_models 45:Getting 3D models for footprint of: R121
11-24 10:10:51 com_github_MitjaNemec_Archive3DModels.archive_3d_models 56:Trying to copy: ${KICAD6_3DMODEL_DIR}/Resistor_SMD.3dshapes/R_0805_2012Metric.wrl
11-24 10:10:51 com_github_MitjaNemec_Archive3DModels.archive_3d_models 136:Remapping: ${KICAD6_3DMODEL_DIR}/Resistor_SMD.3dshapes/R_0805_2012Metric.wrl
11-24 10:10:51 com_github_MitjaNemec_Archive3DModels.archive_3d_models 45:Getting 3D models for footprint of: C107
11-24 10:10:51 com_github_MitjaNemec_Archive3DModels.archive_3d_models 56:Trying to copy: ${KICAD6_3DMODEL_DIR}/Capacitor_SMD.3dshapes/C_1206_3216Metric.wrl
11-24 10:10:51 com_github_MitjaNemec_Archive3DModels.archive_3d_models 136:Remapping: ${KICAD6_3DMODEL_DIR}/Capacitor_SMD.3dshapes/C_1206_3216Metric.wrl
11-24 10:10:51 com_github_MitjaNemec_Archive3DModels.archive_3d_models 45:Getting 3D models for footprint of: D105
11-24 10:10:51 com_github_MitjaNemec_Archive3DModels.archive_3d_models 56:Trying to copy: ${KICAD6_3DMODEL_DIR}/Diode_SMD.3dshapes/D_SMA.wrl
11-24 10:10:51 com_github_MitjaNemec_Archive3DModels.archive_3d_models 136:Remapping: ${KICAD6_3DMODEL_DIR}/Diode_SMD.3dshapes/D_SMA.wrl
11-24 10:10:51 com_github_MitjaNemec_Archive3DModels.archive_3d_models 45:Getting 3D models for footprint of: R103
11-24 10:10:51 com_github_MitjaNemec_Archive3DModels.archive_3d_models 56:Trying to copy: ${KICAD6_3DMODEL_DIR}/Resistor_SMD.3dshapes/R_0805_2012Metric.wrl
11-24 10:10:51 com_github_MitjaNemec_Archive3DModels.archive_3d_models 136:Remapping: ${KICAD6_3DMODEL_DIR}/Resistor_SMD.3dshapes/R_0805_2012Metric.wrl
11-24 10:10:51 com_github_MitjaNemec_Archive3DModels.archive_3d_models 45:Getting 3D models for footprint of: C501
11-24 10:10:51 com_github_MitjaNemec_Archive3DModels.archive_3d_models 56:Trying to copy: ${KICAD6_3DMODEL_DIR}/Capacitor_SMD.3dshapes/C_1206_3216Metric.wrl
11-24 10:10:51 com_github_MitjaNemec_Archive3DModels.archive_3d_models 136:Remapping: ${KICAD6_3DMODEL_DIR}/Capacitor_SMD.3dshapes/C_1206_3216Metric.wrl
11-24 10:10:51 com_github_MitjaNemec_Archive3DModels.archive_3d_models 45:Getting 3D models for footprint of: U105
11-24 10:10:51 com_github_MitjaNemec_Archive3DModels.archive_3d_models 56:Trying to copy: D:/jake/Documents/KiCad/easyeda2kicad/easyeda2kicad.3dshapes/SW-SMD_L6.1-W3.5-LS8.0.wrl
11-24 10:10:51 com_github_MitjaNemec_Archive3DModels.archive_3d_models 136:Remapping: D:/jake/Documents/KiCad/easyeda2kicad/easyeda2kicad.3dshapes/SW-SMD_L6.1-W3.5-LS8.0.wrl
11-24 10:10:51 com_github_MitjaNemec_Archive3DModels.archive_3d_models 45:Getting 3D models for footprint of: C401
11-24 10:10:51 com_github_MitjaNemec_Archive3DModels.archive_3d_models 56:Trying to copy: ${KICAD6_3DMODEL_DIR}/Capacitor_SMD.3dshapes/C_1206_3216Metric.wrl
11-24 10:10:51 com_github_MitjaNemec_Archive3DModels.archive_3d_models 136:Remapping: ${KICAD6_3DMODEL_DIR}/Capacitor_SMD.3dshapes/C_1206_3216Metric.wrl
11-24 10:10:51 com_github_MitjaNemec_Archive3DModels.archive_3d_models 45:Getting 3D models for footprint of: C106
11-24 10:10:51 com_github_MitjaNemec_Archive3DModels.archive_3d_models 56:Trying to copy: ${KICAD6_3DMODEL_DIR}/Capacitor_SMD.3dshapes/C_0805_2012Metric.wrl
11-24 10:10:51 com_github_MitjaNemec_Archive3DModels.archive_3d_models 136:Remapping: ${KICAD6_3DMODEL_DIR}/Capacitor_SMD.3dshapes/C_0805_2012Metric.wrl
11-24 10:10:51 com_github_MitjaNemec_Archive3DModels.archive_3d_models 45:Getting 3D models for footprint of: R115
11-24 10:10:51 com_github_MitjaNemec_Archive3DModels.archive_3d_models 56:Trying to copy: ${KICAD6_3DMODEL_DIR}/Resistor_SMD.3dshapes/R_0805_2012Metric.wrl
11-24 10:10:51 com_github_MitjaNemec_Archive3DModels.archive_3d_models 136:Remapping: ${KICAD6_3DMODEL_DIR}/Resistor_SMD.3dshapes/R_0805_2012Metric.wrl
11-24 10:10:51 com_github_MitjaNemec_Archive3DModels.archive_3d_models 45:Getting 3D models for footprint of: C119
11-24 10:10:51 com_github_MitjaNemec_Archive3DModels.archive_3d_models 56:Trying to copy: ${KICAD6_3DMODEL_DIR}/Capacitor_SMD.3dshapes/C_0805_2012Metric.wrl
11-24 10:10:51 com_github_MitjaNemec_Archive3DModels.archive_3d_models 136:Remapping: ${KICAD6_3DMODEL_DIR}/Capacitor_SMD.3dshapes/C_0805_2012Metric.wrl
11-24 10:10:51 com_github_MitjaNemec_Archive3DModels.archive_3d_models 45:Getting 3D models for footprint of: C801
11-24 10:10:51 com_github_MitjaNemec_Archive3DModels.archive_3d_models 56:Trying to copy: ${KICAD6_3DMODEL_DIR}/Capacitor_SMD.3dshapes/C_1206_3216Metric.wrl
11-24 10:10:51 com_github_MitjaNemec_Archive3DModels.archive_3d_models 136:Remapping: ${KICAD6_3DMODEL_DIR}/Capacitor_SMD.3dshapes/C_1206_3216Metric.wrl
11-24 10:10:51 com_github_MitjaNemec_Archive3DModels.archive_3d_models 45:Getting 3D models for footprint of: U101
11-24 10:10:51 com_github_MitjaNemec_Archive3DModels.archive_3d_models 56:Trying to copy: ${KICAD6_3DMODEL_DIR}/Package_TO_SOT_SMD.3dshapes/SOT-223.wrl
11-24 10:10:51 com_github_MitjaNemec_Archive3DModels.archive_3d_models 136:Remapping: ${KICAD6_3DMODEL_DIR}/Package_TO_SOT_SMD.3dshapes/SOT-223.wrl
11-24 10:10:51 com_github_MitjaNemec_Archive3DModels.archive_3d_models 45:Getting 3D models for footprint of: C403
11-24 10:10:51 com_github_MitjaNemec_Archive3DModels.archive_3d_models 56:Trying to copy: ${KICAD6_3DMODEL_DIR}/Capacitor_SMD.3dshapes/C_0805_2012Metric.wrl
11-24 10:10:51 com_github_MitjaNemec_Archive3DModels.archive_3d_models 136:Remapping: ${KICAD6_3DMODEL_DIR}/Capacitor_SMD.3dshapes/C_0805_2012Metric.wrl
11-24 10:10:51 com_github_MitjaNemec_Archive3DModels.archive_3d_models 45:Getting 3D models for footprint of: R102
11-24 10:10:51 com_github_MitjaNemec_Archive3DModels.archive_3d_models 56:Trying to copy: ${KICAD6_3DMODEL_DIR}/Resistor_SMD.3dshapes/R_0402_1005Metric.wrl
11-24 10:10:51 com_github_MitjaNemec_Archive3DModels.archive_3d_models 136:Remapping: ${KICAD6_3DMODEL_DIR}/Resistor_SMD.3dshapes/R_0402_1005Metric.wrl
11-24 10:10:51 com_github_MitjaNemec_Archive3DModels.archive_3d_models 45:Getting 3D models for footprint of: C701
11-24 10:10:51 com_github_MitjaNemec_Archive3DModels.archive_3d_models 56:Trying to copy: ${KICAD6_3DMODEL_DIR}/Capacitor_SMD.3dshapes/C_1206_3216Metric.wrl
11-24 10:10:51 com_github_MitjaNemec_Archive3DModels.archive_3d_models 136:Remapping: ${KICAD6_3DMODEL_DIR}/Capacitor_SMD.3dshapes/C_1206_3216Metric.wrl
11-24 10:10:51 com_github_MitjaNemec_Archive3DModels.archive_3d_models 45:Getting 3D models for footprint of: R114
11-24 10:10:51 com_github_MitjaNemec_Archive3DModels.archive_3d_models 56:Trying to copy: ${KICAD6_3DMODEL_DIR}/Resistor_SMD.3dshapes/R_0805_2012Metric.wrl
11-24 10:10:51 com_github_MitjaNemec_Archive3DModels.archive_3d_models 136:Remapping: ${KICAD6_3DMODEL_DIR}/Resistor_SMD.3dshapes/R_0805_2012Metric.wrl
11-24 10:10:51 com_github_MitjaNemec_Archive3DModels.archive_3d_models 45:Getting 3D models for footprint of: TP107
11-24 10:10:51 com_github_MitjaNemec_Archive3DModels.archive_3d_models 45:Getting 3D models for footprint of: R109
11-24 10:10:51 com_github_MitjaNemec_Archive3DModels.archive_3d_models 56:Trying to copy: ${KICAD6_3DMODEL_DIR}/Resistor_SMD.3dshapes/R_0402_1005Metric.wrl
11-24 10:10:51 com_github_MitjaNemec_Archive3DModels.archive_3d_models 136:Remapping: ${KICAD6_3DMODEL_DIR}/Resistor_SMD.3dshapes/R_0402_1005Metric.wrl
11-24 10:10:51 com_github_MitjaNemec_Archive3DModels.archive_3d_models 45:Getting 3D models for footprint of: C108
11-24 10:10:51 com_github_MitjaNemec_Archive3DModels.archive_3d_models 56:Trying to copy: ${KICAD6_3DMODEL_DIR}/Capacitor_SMD.3dshapes/C_1206_3216Metric.wrl
11-24 10:10:51 com_github_MitjaNemec_Archive3DModels.archive_3d_models 136:Remapping: ${KICAD6_3DMODEL_DIR}/Capacitor_SMD.3dshapes/C_1206_3216Metric.wrl
